<?xml version='1.0' encoding='UTF-8'?>
<testsuite hostname="merl" name="FiveStageCore.FiveStageCoreTest" tests="1" errors="0" failures="1" skipped="0" time="0.59" timestamp="2022-07-05T18:43:10">
          <properties>
      <property name="java.specification.version" value="17"/><property name="sun.jnu.encoding" value="UTF-8"/><property name="sun.arch.data.model" value="64"/><property name="java.vendor.url" value="Unknown"/><property name="sun.boot.library.path" value="/usr/lib/jvm/java-17-openjdk-amd64/lib"/><property name="sun.java.command" value="/home/cxg/.cache/sbt/boot/sbt-launch/1.6.2/sbt-launch-1.6.2.jar"/><property name="jdk.debug" value="release"/><property name="sun.stderr.encoding" value="UTF-8"/><property name="java.specification.vendor" value="Oracle Corporation"/><property name="java.version.date" value="2022-04-19"/><property name="java.home" value="/usr/lib/jvm/java-17-openjdk-amd64"/><property name="file.separator" value="/"/><property name="java.vm.compressedOopsMode" value="32-bit"/><property name="line.separator" value="
"/><property name="sun.stdout.encoding" value="UTF-8"/><property name="java.vm.specification.vendor" value="Oracle Corporation"/><property name="java.specification.name" value="Java Platform API Specification"/><property name="sun.management.compiler" value="HotSpot 64-Bit Tiered Compilers"/><property name="java.runtime.version" value="17.0.3+7-Ubuntu-0ubuntu0.20.04.1"/><property name="user.name" value="cxg"/><property name="log4j.ignoreTCL" value="true"/><property name="file.encoding" value="UTF-8"/><property name="jnidispatch.path" value="/home/cxg/.cache/JNA/temp/jna10449003503604598715.tmp"/><property name="jna.loaded" value="true"/><property name="java.io.tmpdir" value="/tmp"/><property name="java.version" value="17.0.3"/><property name="java.vm.specification.name" value="Java Virtual Machine Specification"/><property name="native.encoding" value="UTF-8"/><property name="java.library.path" value="/usr/java/packages/lib:/usr/lib/x86_64-linux-gnu/jni:/lib/x86_64-linux-gnu:/usr/lib/x86_64-linux-gnu:/usr/lib/jni:/lib:/usr/lib"/><property name="java.vendor" value="Private Build"/><property name="scala.ext.dirs" value="/home/cxg/.sbt/1.0/java9-rt-ext-private_build_17_0_3"/><property name="sun.io.unicode.encoding" value="UnicodeLittle"/><property name="java.class.path" value="/home/cxg/.cache/sbt/boot/sbt-launch/1.6.2/sbt-launch-1.6.2.jar"/><property name="java.vm.vendor" value="Private Build"/><property name="jline.shutdownhook" value="false"/><property name="user.timezone" value="Asia/Karachi"/><property name="java.vm.specification.version" value="17"/><property name="os.name" value="Linux"/><property name="sun.java.launcher" value="SUN_STANDARD"/><property name="user.country" value="US"/><property name="sun.cpu.endian" value="little"/><property name="user.home" value="/home/cxg"/><property name="user.language" value="en"/><property name="sbt.script" value="/usr/bin/sbt"/><property name="swoval.tmpdir" value="/home/cxg/.sbt/1.0"/><property name="jline.esc.timeout" value="0"/><property name="path.separator" value=":"/><property name="os.version" value="5.13.0-52-generic"/><property name="jna.nosys" value="true"/><property name="java.runtime.name" value="OpenJDK Runtime Environment"/><property name="java.vm.name" value="OpenJDK 64-Bit Server VM"/><property name="jna.platform.library.path" value="/usr/lib/x86_64-linux-gnu:/lib/x86_64-linux-gnu:/usr/lib64:/lib64:/usr/lib:/lib:/libx32:/lib32:/usr/lib/x86_64-linux-gnu/libfakeroot"/><property name="java.vendor.url.bug" value="Unknown"/><property name="user.dir" value="/home/cxg/Repositories/5-Stage-RV32I-Core"/><property name="os.arch" value="amd64"/><property name="java.vm.info" value="mixed mode, sharing"/><property name="java.vm.version" value="17.0.3+7-Ubuntu-0ubuntu0.20.04.1"/><property name="java.class.version" value="61.0"/>
    </properties>
          <testcase classname="FiveStageCore.FiveStageCoreTest" name="FiveStageCore" time="0.59">
                      <failure message="Connection between sink (ControlUnit.io.id: IO[UInt&lt;5&gt;]) and source (FiveStageCore.?: OpResult[SInt]) failed @: Sink (UInt&lt;5&gt;) and Source (SInt) have different types." type="chisel3.internal.ChiselException">chisel3.internal.ChiselException: Connection between sink (ControlUnit.io.id: IO[UInt&lt;5&gt;]) and source (FiveStageCore.?: OpResult[SInt]) failed @: Sink (UInt&lt;5&gt;) and Source (SInt) have different types.
	at ... ()
	at FiveStageCore.FiveStageCore.$anonfun$new$10(FiveStageCore.scala:288)
	at FiveStageCore.FiveStageCore.$anonfun$new$10$adapted(FiveStageCore.scala:288)
	at scala.collection.IndexedSeqOptimized.foreach(IndexedSeqOptimized.scala:36)
	at scala.collection.IndexedSeqOptimized.foreach$(IndexedSeqOptimized.scala:33)
	at scala.collection.mutable.ArrayOps$ofRef.foreach(ArrayOps.scala:198)
	at FiveStageCore.FiveStageCore.&lt;init&gt;(FiveStageCore.scala:288)
	at FiveStageCore.FiveStageCoreTest.$anonfun$new$2(FiveStageCoreTest.scala:10)
	at ... ()
	at ... (Stack trace trimmed to user code only. Rerun with --full-stacktrace to see the full stack trace)
</failure>
                    </testcase>
          <system-out><![CDATA[]]></system-out>
          <system-err><![CDATA[]]></system-err>
        </testsuite>